<?xml version="1.0" encoding="UTF-8" ?>
<testsuite errors="1" failures="0" hostname="csmith-master" name="org.beedom.dslforge.test.ScriptTests" tests="1" time="0.107" timestamp="2010-05-03T18:35:25">
  <properties>
    <property name="java.runtime.name" value="Java(TM) SE Runtime Environment"></property>
    <property name="sun.boot.library.path" value="/usr/lib/jvm/java-6-sun-1.6.0.20/jre/lib/i386"></property>
    <property name="java.vm.version" value="16.3-b01"></property>
    <property name="ant.version" value="Apache Ant version 1.7.0 compiled on December 13 2006"></property>
    <property name="ant.java.version" value="1.6"></property>
    <property name="java.vm.vendor" value="Sun Microsystems Inc."></property>
    <property name="java.vendor.url" value="http://java.sun.com/"></property>
    <property name="path.separator" value=":"></property>
    <property name="java.vm.name" value="Java HotSpot(TM) Client VM"></property>
    <property name="file.encoding.pkg" value="sun.io"></property>
    <property name="user.country" value="US"></property>
    <property name="sun.java.launcher" value="SUN_STANDARD"></property>
    <property name="sun.os.patch.level" value="unknown"></property>
    <property name="java.vm.specification.name" value="Java Virtual Machine Specification"></property>
    <property name="user.dir" value="/home/kovax/beedom/gitworkspace/dslforge"></property>
    <property name="java.runtime.version" value="1.6.0_20-b02"></property>
    <property name="java.awt.graphicsenv" value="sun.awt.X11GraphicsEnvironment"></property>
    <property name="basedir" value="/home/kovax/beedom/gitworkspace/dslforge"></property>
    <property name="java.endorsed.dirs" value="/usr/lib/jvm/java-6-sun-1.6.0.20/jre/lib/endorsed"></property>
    <property name="os.arch" value="i386"></property>
    <property name="java.io.tmpdir" value="/tmp"></property>
    <property name="ant.core.lib" value="/home/kovax/gradle-0.8/lib/ant-1.7.0.jar"></property>
    <property name="line.separator" value="
"></property>
    <property name="java.vm.specification.vendor" value="Sun Microsystems Inc."></property>
    <property name="os.name" value="Linux"></property>
    <property name="tools.jar" value="/usr/lib/jvm/java-6-sun/lib/tools.jar"></property>
    <property name="sun.jnu.encoding" value="UTF-8"></property>
    <property name="java.library.path" value="/usr/lib/jvm/java-6-sun-1.6.0.20/jre/lib/i386/client:/usr/lib/jvm/java-6-sun-1.6.0.20/jre/lib/i386:/usr/lib/jvm/java-6-sun-1.6.0.20/jre/../lib/i386:/usr/java/packages/lib/i386:/lib:/usr/lib"></property>
    <property name="java.specification.name" value="Java Platform API Specification"></property>
    <property name="java.class.version" value="50.0"></property>
    <property name="sun.management.compiler" value="HotSpot Client Compiler"></property>
    <property name="os.version" value="2.6.31-20-generic"></property>
    <property name="user.home" value="/home/kovax"></property>
    <property name="user.timezone" value=""></property>
    <property name="java.awt.printerjob" value="sun.print.PSPrinterJob"></property>
    <property name="java.specification.version" value="1.6"></property>
    <property name="file.encoding" value="UTF-8"></property>
    <property name="java.class.path" value="/home/kovax/beedom/gitworkspace/dslforge/build/classes/test:/home/kovax/beedom/gitworkspace/dslforge/build/classes/main:/home/kovax/.gradle/cache/org.codehaus.groovy/groovy/jars/groovy-1.7.0.jar:/home/kovax/.gradle/cache/antlr/antlr/jars/antlr-2.7.7.jar:/home/kovax/.gradle/cache/asm/asm/jars/asm-3.2.jar:/home/kovax/.gradle/cache/asm/asm-commons/jars/asm-commons-3.2.jar:/home/kovax/.gradle/cache/asm/asm-tree/jars/asm-tree-3.2.jar:/home/kovax/.gradle/cache/asm/asm-util/jars/asm-util-3.2.jar:/home/kovax/.gradle/cache/asm/asm-analysis/jars/asm-analysis-3.2.jar:/home/kovax/.gradle/cache/jline/jline/jars/jline-0.9.94.jar:/home/kovax/.gradle/cache/commons-cli/commons-cli/jars/commons-cli-1.2.jar:/home/kovax/beedom/gitworkspace/dslforge/lib/groovytools-builder-1.1.6.jar:/home/kovax/beedom/gitworkspace/dslforge/lib/selenium-java-client-driver-1.0.1.jar:/home/kovax/beedom/gitworkspace/dslforge/lib/selenium-server-1.0.3.jar:/home/kovax/.gradle/cache/junit/junit/jars/junit-4.7.jar:/home/kovax/gradle-0.8/lib/ant-junit-1.7.0.jar:/home/kovax/gradle-0.8/lib/ant-trax-1.7.0.jar:/home/kovax/gradle-0.8/lib/ant-launcher-1.7.0.jar:/home/kovax/gradle-0.8/lib/ant-nodeps-1.7.0.jar:/home/kovax/gradle-0.8/lib/ant-1.7.0.jar"></property>
    <property name="user.name" value="kovax"></property>
    <property name="java.vm.specification.version" value="1.0"></property>
    <property name="java.home" value="/usr/lib/jvm/java-6-sun-1.6.0.20/jre"></property>
    <property name="sun.arch.data.model" value="32"></property>
    <property name="java.specification.vendor" value="Sun Microsystems Inc."></property>
    <property name="user.language" value="en"></property>
    <property name="java.vm.info" value="mixed mode, sharing"></property>
    <property name="java.version" value="1.6.0_20"></property>
    <property name="java.ext.dirs" value="/usr/lib/jvm/java-6-sun-1.6.0.20/jre/lib/ext:/usr/java/packages/lib/ext"></property>
    <property name="gradle.home" value="/home/kovax/gradle-0.8"></property>
    <property name="sun.boot.class.path" value="/usr/lib/jvm/java-6-sun-1.6.0.20/jre/lib/resources.jar:/usr/lib/jvm/java-6-sun-1.6.0.20/jre/lib/rt.jar:/usr/lib/jvm/java-6-sun-1.6.0.20/jre/lib/sunrsasign.jar:/usr/lib/jvm/java-6-sun-1.6.0.20/jre/lib/jsse.jar:/usr/lib/jvm/java-6-sun-1.6.0.20/jre/lib/jce.jar:/usr/lib/jvm/java-6-sun-1.6.0.20/jre/lib/charsets.jar:/usr/lib/jvm/java-6-sun-1.6.0.20/jre/classes"></property>
    <property name="java.vendor" value="Sun Microsystems Inc."></property>
    <property name="file.separator" value="/"></property>
    <property name="java.vendor.url.bug" value="http://java.sun.com/cgi-bin/bugreport.cgi"></property>
    <property name="sun.cpu.endian" value="little"></property>
    <property name="sun.io.unicode.encoding" value="UnicodeLittle"></property>
    <property name="sun.desktop" value="gnome"></property>
    <property name="sun.cpu.isalist" value=""></property>
  </properties>
  <testcase classname="org.beedom.dslforge.test.ScriptTests" name="scriptWithAllFunctionality" time="0.103">
    <error message="startup failed:
/home/kovax/beedom/gitworkspace/dslforge/src/test/scripts/AllFuntionalityScript.groovy: 120: unexpected token: scenario @ line 120, column 5.
       scenario &quot;Remove product from basket&quot;, {
       ^

1 error
" type="org.codehaus.groovy.control.MultipleCompilationErrorsException">org.codehaus.groovy.control.MultipleCompilationErrorsException: startup failed:
/home/kovax/beedom/gitworkspace/dslforge/src/test/scripts/AllFuntionalityScript.groovy: 120: unexpected token: scenario @ line 120, column 5.
       scenario &quot;Remove product from basket&quot;, {
       ^

1 error

	at org.codehaus.groovy.control.ErrorCollector.failIfErrors(ErrorCollector.java:296)
	at org.codehaus.groovy.control.ErrorCollector.addFatalError(ErrorCollector.java:143)
	at org.codehaus.groovy.control.ErrorCollector.addError(ErrorCollector.java:113)
	at org.codehaus.groovy.control.ErrorCollector.addError(ErrorCollector.java:125)
	at org.codehaus.groovy.control.SourceUnit.addError(SourceUnit.java:353)
	at org.codehaus.groovy.antlr.AntlrParserPlugin.transformCSTIntoAST(AntlrParserPlugin.java:102)
	at org.codehaus.groovy.antlr.AntlrParserPlugin.parseCST(AntlrParserPlugin.java:69)
	at org.codehaus.groovy.control.SourceUnit.parse(SourceUnit.java:249)
	at org.codehaus.groovy.control.CompilationUnit$1.call(CompilationUnit.java:158)
	at org.codehaus.groovy.control.CompilationUnit.applyToSourceUnits(CompilationUnit.java:831)
	at org.codehaus.groovy.control.CompilationUnit.doPhaseOperation(CompilationUnit.java:519)
	at org.codehaus.groovy.control.CompilationUnit.processPhaseOperations(CompilationUnit.java:495)
	at org.codehaus.groovy.control.CompilationUnit.compile(CompilationUnit.java:472)
	at groovy.lang.GroovyClassLoader.parseClass(GroovyClassLoader.java:291)
	at groovy.util.GroovyScriptEngine$ScriptClassLoader.parseClass(GroovyScriptEngine.java:175)
	at groovy.lang.GroovyClassLoader.parseClass(GroovyClassLoader.java:262)
	at groovy.lang.GroovyClassLoader.parseClass(GroovyClassLoader.java:206)
	at groovy.util.GroovyScriptEngine.loadScriptByName(GroovyScriptEngine.java:411)
	at groovy.util.GroovyScriptEngine.createScript(GroovyScriptEngine.java:477)
	at org.codehaus.groovy.runtime.callsite.PojoMetaMethodSite$PojoCachedMethodSiteNoUnwrapNoCoerce.invoke(PojoMetaMethodSite.java:229)
	at org.codehaus.groovy.runtime.callsite.PojoMetaMethodSite.call(PojoMetaMethodSite.java:52)
	at org.codehaus.groovy.runtime.callsite.AbstractCallSite.call(AbstractCallSite.java:129)
	at org.beedom.dslforge.DSLEngine.run(DSLEngine.groovy:136)
	at org.beedom.dslforge.DSLEngine$run$0.call(Unknown Source)
	at org.codehaus.groovy.runtime.callsite.CallSiteArray.defaultCall(CallSiteArray.java:40)
	at org.codehaus.groovy.runtime.callsite.AbstractCallSite.call(AbstractCallSite.java:117)
	at org.codehaus.groovy.runtime.callsite.AbstractCallSite.call(AbstractCallSite.java:125)
	at org.beedom.dslforge.test.ScriptTests.scriptWithAllFunctionality(ScriptTests.groovy:9)
</error>
  </testcase>
  <system-out><![CDATA[]]></system-out>
  <system-err><![CDATA[]]></system-err>
</testsuite>
