<?xml version="1.0" encoding="UTF-8" ?>
<testsuite errors="0" failures="0" hostname="csmith-master" name="org.beedom.dslforge.test.DelegateTests" tests="2" time="1.352" timestamp="2010-05-03T18:35:21">
  <properties>
    <property name="java.runtime.name" value="Java(TM) SE Runtime Environment"></property>
    <property name="sun.boot.library.path" value="/usr/lib/jvm/java-6-sun-1.6.0.20/jre/lib/i386"></property>
    <property name="java.vm.version" value="16.3-b01"></property>
    <property name="ant.version" value="Apache Ant version 1.7.0 compiled on December 13 2006"></property>
    <property name="ant.java.version" value="1.6"></property>
    <property name="java.vm.vendor" value="Sun Microsystems Inc."></property>
    <property name="java.vendor.url" value="http://java.sun.com/"></property>
    <property name="path.separator" value=":"></property>
    <property name="java.vm.name" value="Java HotSpot(TM) Client VM"></property>
    <property name="file.encoding.pkg" value="sun.io"></property>
    <property name="user.country" value="US"></property>
    <property name="sun.java.launcher" value="SUN_STANDARD"></property>
    <property name="sun.os.patch.level" value="unknown"></property>
    <property name="java.vm.specification.name" value="Java Virtual Machine Specification"></property>
    <property name="user.dir" value="/home/kovax/beedom/gitworkspace/dslforge"></property>
    <property name="java.runtime.version" value="1.6.0_20-b02"></property>
    <property name="java.awt.graphicsenv" value="sun.awt.X11GraphicsEnvironment"></property>
    <property name="basedir" value="/home/kovax/beedom/gitworkspace/dslforge"></property>
    <property name="java.endorsed.dirs" value="/usr/lib/jvm/java-6-sun-1.6.0.20/jre/lib/endorsed"></property>
    <property name="os.arch" value="i386"></property>
    <property name="java.io.tmpdir" value="/tmp"></property>
    <property name="ant.core.lib" value="/home/kovax/gradle-0.8/lib/ant-1.7.0.jar"></property>
    <property name="line.separator" value="
"></property>
    <property name="java.vm.specification.vendor" value="Sun Microsystems Inc."></property>
    <property name="os.name" value="Linux"></property>
    <property name="tools.jar" value="/usr/lib/jvm/java-6-sun/lib/tools.jar"></property>
    <property name="sun.jnu.encoding" value="UTF-8"></property>
    <property name="java.library.path" value="/usr/lib/jvm/java-6-sun-1.6.0.20/jre/lib/i386/client:/usr/lib/jvm/java-6-sun-1.6.0.20/jre/lib/i386:/usr/lib/jvm/java-6-sun-1.6.0.20/jre/../lib/i386:/usr/java/packages/lib/i386:/lib:/usr/lib"></property>
    <property name="java.specification.name" value="Java Platform API Specification"></property>
    <property name="java.class.version" value="50.0"></property>
    <property name="sun.management.compiler" value="HotSpot Client Compiler"></property>
    <property name="os.version" value="2.6.31-20-generic"></property>
    <property name="user.home" value="/home/kovax"></property>
    <property name="user.timezone" value=""></property>
    <property name="java.awt.printerjob" value="sun.print.PSPrinterJob"></property>
    <property name="java.specification.version" value="1.6"></property>
    <property name="file.encoding" value="UTF-8"></property>
    <property name="java.class.path" value="/home/kovax/beedom/gitworkspace/dslforge/build/classes/test:/home/kovax/beedom/gitworkspace/dslforge/build/classes/main:/home/kovax/.gradle/cache/org.codehaus.groovy/groovy/jars/groovy-1.7.0.jar:/home/kovax/.gradle/cache/antlr/antlr/jars/antlr-2.7.7.jar:/home/kovax/.gradle/cache/asm/asm/jars/asm-3.2.jar:/home/kovax/.gradle/cache/asm/asm-commons/jars/asm-commons-3.2.jar:/home/kovax/.gradle/cache/asm/asm-tree/jars/asm-tree-3.2.jar:/home/kovax/.gradle/cache/asm/asm-util/jars/asm-util-3.2.jar:/home/kovax/.gradle/cache/asm/asm-analysis/jars/asm-analysis-3.2.jar:/home/kovax/.gradle/cache/jline/jline/jars/jline-0.9.94.jar:/home/kovax/.gradle/cache/commons-cli/commons-cli/jars/commons-cli-1.2.jar:/home/kovax/beedom/gitworkspace/dslforge/lib/groovytools-builder-1.1.6.jar:/home/kovax/beedom/gitworkspace/dslforge/lib/selenium-java-client-driver-1.0.1.jar:/home/kovax/beedom/gitworkspace/dslforge/lib/selenium-server-1.0.3.jar:/home/kovax/.gradle/cache/junit/junit/jars/junit-4.7.jar:/home/kovax/gradle-0.8/lib/ant-junit-1.7.0.jar:/home/kovax/gradle-0.8/lib/ant-trax-1.7.0.jar:/home/kovax/gradle-0.8/lib/ant-launcher-1.7.0.jar:/home/kovax/gradle-0.8/lib/ant-nodeps-1.7.0.jar:/home/kovax/gradle-0.8/lib/ant-1.7.0.jar"></property>
    <property name="user.name" value="kovax"></property>
    <property name="java.vm.specification.version" value="1.0"></property>
    <property name="java.home" value="/usr/lib/jvm/java-6-sun-1.6.0.20/jre"></property>
    <property name="sun.arch.data.model" value="32"></property>
    <property name="java.specification.vendor" value="Sun Microsystems Inc."></property>
    <property name="user.language" value="en"></property>
    <property name="java.vm.info" value="mixed mode, sharing"></property>
    <property name="java.version" value="1.6.0_20"></property>
    <property name="java.ext.dirs" value="/usr/lib/jvm/java-6-sun-1.6.0.20/jre/lib/ext:/usr/java/packages/lib/ext"></property>
    <property name="gradle.home" value="/home/kovax/gradle-0.8"></property>
    <property name="sun.boot.class.path" value="/usr/lib/jvm/java-6-sun-1.6.0.20/jre/lib/resources.jar:/usr/lib/jvm/java-6-sun-1.6.0.20/jre/lib/rt.jar:/usr/lib/jvm/java-6-sun-1.6.0.20/jre/lib/sunrsasign.jar:/usr/lib/jvm/java-6-sun-1.6.0.20/jre/lib/jsse.jar:/usr/lib/jvm/java-6-sun-1.6.0.20/jre/lib/jce.jar:/usr/lib/jvm/java-6-sun-1.6.0.20/jre/lib/charsets.jar:/usr/lib/jvm/java-6-sun-1.6.0.20/jre/classes"></property>
    <property name="java.vendor" value="Sun Microsystems Inc."></property>
    <property name="file.separator" value="/"></property>
    <property name="java.vendor.url.bug" value="http://java.sun.com/cgi-bin/bugreport.cgi"></property>
    <property name="sun.cpu.endian" value="little"></property>
    <property name="sun.io.unicode.encoding" value="UnicodeLittle"></property>
    <property name="sun.desktop" value="gnome"></property>
    <property name="sun.cpu.isalist" value=""></property>
  </properties>
  <testcase classname="org.beedom.dslforge.test.DelegateTests" name="nestedDelegates" time="0.581"></testcase>
  <testcase classname="org.beedom.dslforge.test.DelegateTests" name="useAlias" time="0.766"></testcase>
  <system-out><![CDATA[FeatureDelegate: Shopping Cart Management
in_order to use a webshop
as_a customer
i_want to make changes to a shopping cart
ScenarioDelegate: Remove product from basket
given logged in customer
login - customer
login - id:test@d1272911721287d.com pwd:hellobaby
and the customer has checked out a basket with 1 item
when the customer removes that item from the basket
then the basket is empty
logout - customer
ScenarioDelegate: Remove product from basket
given logged in customer
and the customer has checked out a basket with 1 item
when the customer removes that item from the basket
then the basket is empty
ScenarioDelegate: Termék törlése a kosárból
adott(given) egy vásárló, aki azonosította magát
és(and) a vásárló a kosarat véglegesítettete egy termékkel
amikor(when) a vásárló törölte a terméket a kosárból
akkor(then) a kosár üres lesz
signIn/login - customer
signIn/login - id:test@d1272911722100d.com pwd:hellobaby
]]></system-out>
  <system-err><![CDATA[]]></system-err>
</testsuite>
